<?xml version="1.0" encoding="UTF-8"?>
<!-- Generated by org.testng.reporters.JUnitXMLReporter -->
<testsuite hostname="sam-pc" ignored="0" name="Default test" tests="4" failures="0" timestamp="09 Jul 2018 19:47:01 GMT" time="4.044" errors="0">
  <testcase name="getAllRequest" time="1.853" classname="com.hellofresh.apitest.ApiTest"/>
  <testcase name="getCountriesOneByOne" time="0.704" classname="com.hellofresh.apitest.ApiTest"/>
  <testcase name="getNonExistentCountry" time="0.205" classname="com.hellofresh.apitest.ApiTest"/>
  <testcase name="postAdditionOfNewCountry" time="0.91" classname="com.hellofresh.apitest.ApiTest"/>
</testsuite> <!-- Default test -->
